[1009/190837.871:ERROR:minidumpwritedump_with_crashpad_info.cc(452)] Failed to call MiniDumpWriteDump: Only part of a ReadProcessMemory or WriteProcessMemory request was completed. (0x8007012B)
[1009/190840.284:ERROR:minidumpwritedump_with_crashpad_info.cc(661)] Failed to write minidump file
[1009/190840.284:ERROR:crash_report_exception_handler.cc(132)] TryMiniDumpWriteDumpWithCrashpadInfo failed
[1009/190840.454:ERROR:process_memory_win.cc(73)] ReadMemory at 0x177cf0bfb80 of 72 bytes failed: Only part of a ReadProcessMemory or WriteProcessMemory request was completed. (0x12B)
[1009/190840.454:WARNING:pe_image_annotations_reader.cc(135)] could not read annotations list object in C:\Program Files (x86)\Microsoft\Edge\Application\85.0.564.68\msedge_elf.dll
[1009/190841.969:ERROR:process_memory_win.cc(73)] ReadMemory at 0x177cf10ebd0 of 72 bytes failed: Only part of a ReadProcessMemory or WriteProcessMemory request was completed. (0x12B)
[1009/190841.969:WARNING:pe_image_annotations_reader.cc(135)] could not read annotations list object in C:\Program Files (x86)\Microsoft\Edge\Application\85.0.564.68\msedge.dll
[1009/190929.204:ERROR:process_memory_win.cc(73)] ReadMemory at 0x7ff79b2a0000 of 64 bytes failed: Only part of a ReadProcessMemory or WriteProcessMemory request was completed. (0x12B)
[1009/190929.204:WARNING:pe_image_reader.cc(340)] could not read dos header from C:\Program Files (x86)\Microsoft\Edge\Application\msedge.exe
[1009/190929.204:ERROR:process_memory_win.cc(73)] ReadMemory at 0x7ffd72e60000 of 64 bytes failed: Only part of a ReadProcessMemory or WriteProcessMemory request was completed. (0x12B)
[1009/190929.204:WARNING:pe_image_reader.cc(340)] could not read dos header from C:\WINDOWS\SYSTEM32\ntdll.dll
[1009/190929.204:ERROR:process_memory_win.cc(73)] ReadMemory at 0x7ffd72b30000 of 64 bytes failed: Only part of a ReadProcessMemory or WriteProcessMemory request was completed. (0x12B)
[1009/190929.204:WARNING:pe_image_reader.cc(340)] could not read dos header from C:\WINDOWS\System32\KERNEL32.DLL
[1009/190929.204:ERROR:process_memory_win.cc(73)] ReadMemory at 0x7ffd6fdf0000 of 64 bytes failed: Only part of a ReadProcessMemory or WriteProcessMemory request was completed. (0x12B)
[1009/190929.204:WARNING:pe_image_reader.cc(340)] could not read dos header from C:\WINDOWS\System32\KERNELBASE.dll
[1009/190929.204:ERROR:process_memory_win.cc(73)] ReadMemory at 0x7ffd46590000 of 64 bytes failed: Only part of a ReadProcessMemory or WriteProcessMemory request was completed. (0x12B)
[1009/190929.204:WARNING:pe_image_reader.cc(340)] could not read dos header from C:\Program Files (x86)\Microsoft\Edge\Application\85.0.564.68\msedge_elf.dll
[1009/190929.204:ERROR:process_memory_win.cc(73)] ReadMemory at 0x7ffd70c50000 of 64 bytes failed: Only part of a ReadProcessMemory or WriteProcessMemory request was completed. (0x12B)
[1009/190929.204:WARNING:pe_image_reader.cc(340)] could not read dos header from C:\WINDOWS\System32\bcryptPrimitives.dll
[1009/190929.204:ERROR:process_memory_win.cc(73)] ReadMemory at 0x7ffd72900000 of 64 bytes failed: Only part of a ReadProcessMemory or WriteProcessMemory request was completed. (0x12B)
[1009/190929.204:WARNING:pe_image_reader.cc(340)] could not read dos header from C:\WINDOWS\System32\ADVAPI32.dll
[1009/190929.204:ERROR:process_memory_win.cc(73)] ReadMemory at 0x7ffd72d50000 of 64 bytes failed: Only part of a ReadProcessMemory or WriteProcessMemory request was completed. (0x12B)
[1009/190929.204:WARNING:pe_image_reader.cc(340)] could not read dos header from C:\WINDOWS\System32\msvcrt.dll
[1009/190929.204:ERROR:process_memory_win.cc(73)] ReadMemory at 0x7ffd71960000 of 64 bytes failed: Only part of a ReadProcessMemory or WriteProcessMemory request was completed. (0x12B)
[1009/190929.204:WARNING:pe_image_reader.cc(340)] could not read dos header from C:\WINDOWS\System32\sechost.dll
[1009/190929.204:ERROR:process_memory_win.cc(73)] ReadMemory at 0x7ffd729b0000 of 64 bytes failed: Only part of a ReadProcessMemory or WriteProcessMemory request was completed. (0x12B)
[1009/190929.204:WARNING:pe_image_reader.cc(340)] could not read dos header from C:\WINDOWS\System32\RPCRT4.dll
[1009/190929.204:ERROR:process_memory_win.cc(73)] ReadMemory at 0x7ffd26ec0000 of 64 bytes failed: Only part of a ReadProcessMemory or WriteProcessMemory request was completed. (0x12B)
[1009/190929.204:WARNING:pe_image_reader.cc(340)] could not read dos header from C:\Program Files (x86)\Microsoft\Edge\Application\85.0.564.68\msedge.dll
[1009/190929.204:ERROR:process_memory_win.cc(73)] ReadMemory at 0x7ffd71a30000 of 64 bytes failed: Only part of a ReadProcessMemory or WriteProcessMemory request was completed. (0x12B)
[1009/190929.204:WARNING:pe_image_reader.cc(340)] could not read dos header from C:\WINDOWS\System32\WS2_32.dll
[1009/190929.204:ERROR:process_memory_win.cc(73)] ReadMemory at 0x7ffd71890000 of 64 bytes failed: Only part of a ReadProcessMemory or WriteProcessMemory request was completed. (0x12B)
[1009/190929.204:WARNING:pe_image_reader.cc(340)] could not read dos header from C:\WINDOWS\System32\OLEAUT32.dll
[1009/190929.204:ERROR:process_memory_win.cc(73)] ReadMemory at 0x7ffd70e70000 of 64 bytes failed: Only part of a ReadProcessMemory or WriteProcessMemory request was completed. (0x12B)
[1009/190929.204:WARNING:pe_image_reader.cc(340)] could not read dos header from C:\WINDOWS\System32\msvcp_win.dll
[1009/190929.204:ERROR:process_memory_win.cc(73)] ReadMemory at 0x7ffd70a70000 of 64 bytes failed: Only part of a ReadProcessMemory or WriteProcessMemory request was completed. (0x12B)
[1009/190929.204:WARNING:pe_image_reader.cc(340)] could not read dos header from C:\WINDOWS\System32\ucrtbase.dll
[1009/190929.204:ERROR:process_memory_win.cc(73)] ReadMemory at 0x7ffd71b70000 of 64 bytes failed: Only part of a ReadProcessMemory or WriteProcessMemory request was completed. (0x12B)
[1009/190929.204:WARNING:pe_image_reader.cc(340)] could not read dos header from C:\WINDOWS\System32\combase.dll
[1009/190929.204:ERROR:process_memory_win.cc(73)] ReadMemory at 0x7ffd70120000 of 64 bytes failed: Only part of a ReadProcessMemory or WriteProcessMemory request was completed. (0x12B)
[1009/190929.204:WARNING:pe_image_reader.cc(340)] could not read dos header from C:\WINDOWS\System32\WINTRUST.dll
[1009/190929.204:ERROR:process_memory_win.cc(73)] ReadMemory at 0x7ffd6fdb0000 of 64 bytes failed: Only part of a ReadProcessMemory or WriteProcessMemory request was completed. (0x12B)
[1009/190929.204:WARNING:pe_image_reader.cc(340)] could not read dos header from C:\WINDOWS\System32\MSASN1.dll
[1009/190929.204:ERROR:process_memory_win.cc(73)] ReadMemory at 0x7ffd70920000 of 64 bytes failed: Only part of a ReadProcessMemory or WriteProcessMemory request was completed. (0x12B)
[1009/190929.204:WARNING:pe_image_reader.cc(340)] could not read dos header from C:\WINDOWS\System32\CRYPT32.dll
[1009/190929.204:ERROR:process_memory_win.cc(73)] ReadMemory at 0x7ffd6f220000 of 64 bytes failed: Only part of a ReadProcessMemory or WriteProcessMemory request was completed. (0x12B)
[1009/190929.204:WARNING:pe_image_reader.cc(340)] could not read dos header from C:\WINDOWS\SYSTEM32\IPHLPAPI.DLL
[1009/190929.204:ERROR:process_memory_win.cc(73)] ReadMemory at 0x7ffd6bea0000 of 64 bytes failed: Only part of a ReadProcessMemory or WriteProcessMemory request was completed. (0x12B)
[1009/190929.204:WARNING:pe_image_reader.cc(340)] could not read dos header from C:\WINDOWS\SYSTEM32\WINMM.dll
[1009/190929.204:ERROR:process_memory_win.cc(73)] ReadMemory at 0x7ffd523d0000 of 64 bytes failed: Only part of a ReadProcessMemory or WriteProcessMemory request was completed. (0x12B)
[1009/190929.204:WARNING:pe_image_reader.cc(340)] could not read dos header from C:\WINDOWS\SYSTEM32\UIAutomationCore.DLL
[1009/190929.204:ERROR:process_memory_win.cc(73)] ReadMemory at 0x7ffd545c0000 of 64 bytes failed: Only part of a ReadProcessMemory or WriteProcessMemory request was completed. (0x12B)
[1009/190929.204:WARNING:pe_image_reader.cc(340)] could not read dos header from C:\WINDOWS\SYSTEM32\Secur32.dll
[1009/190929.204:ERROR:process_memory_win.cc(73)] ReadMemory at 0x7ffd6fc40000 of 64 bytes failed: Only part of a ReadProcessMemory or WriteProcessMemory request was completed. (0x12B)
[1009/190929.204:WARNING:pe_image_reader.cc(340)] could not read dos header from C:\WINDOWS\SYSTEM32\USERENV.dll
[1009/190929.204:ERROR:process_memory_win.cc(73)] ReadMemory at 0x7ffd6fd30000 of 64 bytes failed: Only part of a ReadProcessMemory or WriteProcessMemory request was completed. (0x12B)
[1009/190929.204:WARNING:pe_image_reader.cc(340)] could not read dos header from C:\WINDOWS\System32\profapi.dll
[1009/190929.204:ERROR:process_memory_win.cc(73)] ReadMemory at 0x7ffd67bc0000 of 64 bytes failed: Only part of a ReadProcessMemory or WriteProcessMemory request was completed. (0x12B)
[1009/190929.204:WARNING:pe_image_reader.cc(340)] could not read dos header from C:\WINDOWS\SYSTEM32\WINHTTP.dll
[1009/190929.204:ERROR:process_memory_win.cc(73)] ReadMemory at 0x7ffd64f20000 of 64 bytes failed: Only part of a ReadProcessMemory or WriteProcessMemory request was completed. (0x12B)
[1009/190929.204:WARNING:pe_image_reader.cc(340)] could not read dos header from C:\WINDOWS\SYSTEM32\DWrite.dll
[1009/190929.204:ERROR:process_memory_win.cc(73)] ReadMemory at 0x7ffd6aeb0000 of 64 bytes failed: Only part of a ReadProcessMemory or WriteProcessMemory request was completed. (0x12B)
[1009/190929.204:WARNING:pe_image_reader.cc(340)] could not read dos header from C:\WINDOWS\SYSTEM32\WINSPOOL.DRV
[1009/190929.204:ERROR:process_memory_win.cc(73)] ReadMemory at 0x7ffd6fdd0000 of 64 bytes failed: Only part of a ReadProcessMemory or WriteProcessMemory request was completed. (0x12B)
[1009/190929.204:WARNING:pe_image_reader.cc(340)] could not read dos header from C:\WINDOWS\System32\kernel.appcore.dll
[1009/190929.204:ERROR:process_memory_win.cc(73)] ReadMemory at 0x7ffd70b70000 of 64 bytes failed: Only part of a ReadProcessMemory or WriteProcessMemory request was completed. (0x12B)
[1009/190929.204:WARNING:pe_image_reader.cc(340)] could not read dos header from C:\WINDOWS\System32\bcrypt.dll
[1009/190929.204:ERROR:process_memory_win.cc(73)] ReadMemory at 0x7ffd6e650000 of 64 bytes failed: Only part of a ReadProcessMemory or WriteProcessMemory request was completed. (0x12B)
[1009/190929.204:WARNING:pe_image_reader.cc(340)] could not read dos header from C:\WINDOWS\SYSTEM32\dbghelp.dll
[1009/190929.204:ERROR:process_memory_win.cc(73)] ReadMemory at 0x7ffd6f7e0000 of 64 bytes failed: Only part of a ReadProcessMemory or WriteProcessMemory request was completed. (0x12B)
[1009/190929.204:WARNING:pe_image_reader.cc(340)] could not read dos header from C:\WINDOWS\SYSTEM32\ncrypt.dll
[1009/190929.204:ERROR:process_memory_win.cc(73)] ReadMemory at 0x7ffd68e70000 of 64 bytes failed: Only part of a ReadProcessMemory or WriteProcessMemory request was completed. (0x12B)
[1009/190929.204:WARNING:pe_image_reader.cc(340)] could not read dos header from C:\WINDOWS\SYSTEM32\dhcpcsvc.DLL
[1009/190929.204:ERROR:process_memory_win.cc(73)] ReadMemory at 0x7ffd71470000 of 64 bytes failed: Only part of a ReadProcessMemory or WriteProcessMemory request was completed. (0x12B)
[1009/190929.204:WARNING:pe_image_reader.cc(340)] could not read dos header from C:\WINDOWS\System32\NSI.dll
[1009/190929.204:ERROR:process_memory_win.cc(73)] ReadMemory at 0x7ffd6be70000 of 64 bytes failed: Only part of a ReadProcessMemory or WriteProcessMemory request was completed. (0x12B)
[1009/190929.204:WARNING:pe_image_reader.cc(340)] could not read dos header from C:\WINDOWS\SYSTEM32\WINMMBASE.dll
[1009/190929.204:ERROR:process_memory_win.cc(73)] ReadMemory at 0x7ffd700d0000 of 64 bytes failed: Only part of a ReadProcessMemory or WriteProcessMemory request was completed. (0x12B)
[1009/190929.204:WARNING:pe_image_reader.cc(340)] could not read dos header from C:\WINDOWS\System32\cfgmgr32.dll
[1009/190929.204:ERROR:process_memory_win.cc(73)] ReadMemory at 0x7ffd6e010000 of 64 bytes failed: Only part of a ReadProcessMemory or WriteProcessMemory request was completed. (0x12B)
[1009/190929.204:WARNING:pe_image_reader.cc(340)] could not read dos header from C:\WINDOWS\SYSTEM32\PROPSYS.dll
[1009/190929.204:ERROR:process_memory_win.cc(73)] ReadMemory at 0x7ffd71490000 of 64 bytes failed: Only part of a ReadProcessMemory or WriteProcessMemory request was completed. (0x12B)
[1009/190929.204:WARNING:pe_image_reader.cc(340)] could not read dos header from C:\WINDOWS\System32\shcore.dll
[1009/190929.204:ERROR:process_memory_win.cc(73)] ReadMemory at 0x7ffd6f7a0000 of 64 bytes failed: Only part of a ReadProcessMemory or WriteProcessMemory request was completed. (0x12B)
[1009/190929.204:WARNING:pe_image_reader.cc(340)] could not read dos header from C:\WINDOWS\SYSTEM32\NTASN1.dll
[1009/190929.204:ERROR:process_memory_win.cc(73)] ReadMemory at 0x7ffd6fc00000 of 64 bytes failed: Only part of a ReadProcessMemory or WriteProcessMemory request was completed. (0x12B)
[1009/190929.204:WARNING:pe_image_reader.cc(340)] could not read dos header from C:\WINDOWS\SYSTEM32\SSPICLI.DLL
[1009/190929.204:ERROR:process_memory_win.cc(73)] ReadMemory at 0x7ffd6f6e0000 of 64 bytes failed: Only part of a ReadProcessMemory or WriteProcessMemory request was completed. (0x12B)
[1009/190929.204:WARNING:pe_image_reader.cc(340)] could not read dos header from C:\WINDOWS\SYSTEM32\CRYPTBASE.DLL
[1009/190929.204:ERROR:process_memory_win.cc(73)] ReadMemory at 0x7ff79b2a0000 of 64 bytes failed: Only part of a ReadProcessMemory or WriteProcessMemory request was completed. (0x12B)
[1009/190929.204:WARNING:pe_image_reader.cc(340)] could not read dos header from C:\Program Files (x86)\Microsoft\Edge\Application\msedge.exe
[1009/190929.204:ERROR:process_memory_win.cc(73)] ReadMemory at 0x7ffd72e60000 of 64 bytes failed: Only part of a ReadProcessMemory or WriteProcessMemory request was completed. (0x12B)
[1009/190929.204:WARNING:pe_image_reader.cc(340)] could not read dos header from C:\WINDOWS\SYSTEM32\ntdll.dll
[1009/190929.204:ERROR:process_memory_win.cc(73)] ReadMemory at 0x7ffd72b30000 of 64 bytes failed: Only part of a ReadProcessMemory or WriteProcessMemory request was completed. (0x12B)
[1009/190929.204:WARNING:pe_image_reader.cc(340)] could not read dos header from C:\WINDOWS\System32\KERNEL32.DLL
[1009/190929.204:ERROR:process_memory_win.cc(73)] ReadMemory at 0x7ffd6fdf0000 of 64 bytes failed: Only part of a ReadProcessMemory or WriteProcessMemory request was completed. (0x12B)
[1009/190929.204:WARNING:pe_image_reader.cc(340)] could not read dos header from C:\WINDOWS\System32\KERNELBASE.dll
[1009/190929.204:ERROR:process_memory_win.cc(73)] ReadMemory at 0x7ffd46590000 of 64 bytes failed: Only part of a ReadProcessMemory or WriteProcessMemory request was completed. (0x12B)
[1009/190929.204:WARNING:pe_image_reader.cc(340)] could not read dos header from C:\Program Files (x86)\Microsoft\Edge\Application\85.0.564.68\msedge_elf.dll
[1009/190929.204:ERROR:process_memory_win.cc(73)] ReadMemory at 0x7ffd70c50000 of 64 bytes failed: Only part of a ReadProcessMemory or WriteProcessMemory request was completed. (0x12B)
[1009/190929.204:WARNING:pe_image_reader.cc(340)] could not read dos header from C:\WINDOWS\System32\bcryptPrimitives.dll
[1009/190929.204:ERROR:process_memory_win.cc(73)] ReadMemory at 0x7ffd72900000 of 64 bytes failed: Only part of a ReadProcessMemory or WriteProcessMemory request was completed. (0x12B)
[1009/190929.204:WARNING:pe_image_reader.cc(340)] could not read dos header from C:\WINDOWS\System32\ADVAPI32.dll
[1009/190929.204:ERROR:process_memory_win.cc(73)] ReadMemory at 0x7ffd72d50000 of 64 bytes failed: Only part of a ReadProcessMemory or WriteProcessMemory request was completed. (0x12B)
[1009/190929.204:WARNING:pe_image_reader.cc(340)] could not read dos header from C:\WINDOWS\System32\msvcrt.dll
[1009/190929.204:ERROR:process_memory_win.cc(73)] ReadMemory at 0x7ffd71960000 of 64 bytes failed: Only part of a ReadProcessMemory or WriteProcessMemory request was completed. (0x12B)
[1009/190929.204:WARNING:pe_image_reader.cc(340)] could not read dos header from C:\WINDOWS\System32\sechost.dll
[1009/190929.204:ERROR:process_memory_win.cc(73)] ReadMemory at 0x7ffd729b0000 of 64 bytes failed: Only part of a ReadProcessMemory or WriteProcessMemory request was completed. (0x12B)
[1009/190929.204:WARNING:pe_image_reader.cc(340)] could not read dos header from C:\WINDOWS\System32\RPCRT4.dll
[1009/190929.204:ERROR:process_memory_win.cc(73)] ReadMemory at 0x7ffd26ec0000 of 64 bytes failed: Only part of a ReadProcessMemory or WriteProcessMemory request was completed. (0x12B)
[1009/190929.204:WARNING:pe_image_reader.cc(340)] could not read dos header from C:\Program Files (x86)\Microsoft\Edge\Application\85.0.564.68\msedge.dll
[1009/190929.204:ERROR:process_memory_win.cc(73)] ReadMemory at 0x7ffd71a30000 of 64 bytes failed: Only part of a ReadProcessMemory or WriteProcessMemory request was completed. (0x12B)
[1009/190929.204:WARNING:pe_image_reader.cc(340)] could not read dos header from C:\WINDOWS\System32\WS2_32.dll
[1009/190929.204:ERROR:process_memory_win.cc(73)] ReadMemory at 0x7ffd71890000 of 64 bytes failed: Only part of a ReadProcessMemory or WriteProcessMemory request was completed. (0x12B)
[1009/190929.204:WARNING:pe_image_reader.cc(340)] could not read dos header from C:\WINDOWS\System32\OLEAUT32.dll
[1009/190929.204:ERROR:process_memory_win.cc(73)] ReadMemory at 0x7ffd70e70000 of 64 bytes failed: Only part of a ReadProcessMemory or WriteProcessMemory request was completed. (0x12B)
[1009/190929.204:WARNING:pe_image_reader.cc(340)] could not read dos header from C:\WINDOWS\System32\msvcp_win.dll
[1009/190929.204:ERROR:process_memory_win.cc(73)] ReadMemory at 0x7ffd70a70000 of 64 bytes failed: Only part of a ReadProcessMemory or WriteProcessMemory request was completed. (0x12B)
[1009/190929.204:WARNING:pe_image_reader.cc(340)] could not read dos header from C:\WINDOWS\System32\ucrtbase.dll
[1009/190929.204:ERROR:process_memory_win.cc(73)] ReadMemory at 0x7ffd71b70000 of 64 bytes failed: Only part of a ReadProcessMemory or WriteProcessMemory request was completed. (0x12B)
[1009/190929.204:WARNING:pe_image_reader.cc(340)] could not read dos header from C:\WINDOWS\System32\combase.dll
[1009/190929.204:ERROR:process_memory_win.cc(73)] ReadMemory at 0x7ffd70120000 of 64 bytes failed: Only part of a ReadProcessMemory or WriteProcessMemory request was completed. (0x12B)
[1009/190929.204:WARNING:pe_image_reader.cc(340)] could not read dos header from C:\WINDOWS\System32\WINTRUST.dll
[1009/190929.204:ERROR:process_memory_win.cc(73)] ReadMemory at 0x7ffd6fdb0000 of 64 bytes failed: Only part of a ReadProcessMemory or WriteProcessMemory request was completed. (0x12B)
[1009/190929.204:WARNING:pe_image_reader.cc(340)] could not read dos header from C:\WINDOWS\System32\MSASN1.dll
[1009/190929.204:ERROR:process_memory_win.cc(73)] ReadMemory at 0x7ffd70920000 of 64 bytes failed: Only part of a ReadProcessMemory or WriteProcessMemory request was completed. (0x12B)
[1009/190929.204:WARNING:pe_image_reader.cc(340)] could not read dos header from C:\WINDOWS\System32\CRYPT32.dll
[1009/190929.204:ERROR:process_memory_win.cc(73)] ReadMemory at 0x7ffd6f220000 of 64 bytes failed: Only part of a ReadProcessMemory or WriteProcessMemory request was completed. (0x12B)
[1009/190929.204:WARNING:pe_image_reader.cc(340)] could not read dos header from C:\WINDOWS\SYSTEM32\IPHLPAPI.DLL
[1009/190929.204:ERROR:process_memory_win.cc(73)] ReadMemory at 0x7ffd6bea0000 of 64 bytes failed: Only part of a ReadProcessMemory or WriteProcessMemory request was completed. (0x12B)
[1009/190929.204:WARNING:pe_image_reader.cc(340)] could not read dos header from C:\WINDOWS\SYSTEM32\WINMM.dll
[1009/190929.204:ERROR:process_memory_win.cc(73)] ReadMemory at 0x7ffd523d0000 of 64 bytes failed: Only part of a ReadProcessMemory or WriteProcessMemory request was completed. (0x12B)
[1009/190929.204:WARNING:pe_image_reader.cc(340)] could not read dos header from C:\WINDOWS\SYSTEM32\UIAutomationCore.DLL
[1009/190929.204:ERROR:process_memory_win.cc(73)] ReadMemory at 0x7ffd545c0000 of 64 bytes failed: Only part of a ReadProcessMemory or WriteProcessMemory request was completed. (0x12B)
[1009/190929.204:WARNING:pe_image_reader.cc(340)] could not read dos header from C:\WINDOWS\SYSTEM32\Secur32.dll
[1009/190929.204:ERROR:process_memory_win.cc(73)] ReadMemory at 0x7ffd6fc40000 of 64 bytes failed: Only part of a ReadProcessMemory or WriteProcessMemory request was completed. (0x12B)
[1009/190929.204:WARNING:pe_image_reader.cc(340)] could not read dos header from C:\WINDOWS\SYSTEM32\USERENV.dll
[1009/190929.204:ERROR:process_memory_win.cc(73)] ReadMemory at 0x7ffd6fd30000 of 64 bytes failed: Only part of a ReadProcessMemory or WriteProcessMemory request was completed. (0x12B)
[1009/190929.204:WARNING:pe_image_reader.cc(340)] could not read dos header from C:\WINDOWS\System32\profapi.dll
[1009/190929.204:ERROR:process_memory_win.cc(73)] ReadMemory at 0x7ffd67bc0000 of 64 bytes failed: Only part of a ReadProcessMemory or WriteProcessMemory request was completed. (0x12B)
[1009/190929.204:WARNING:pe_image_reader.cc(340)] could not read dos header from C:\WINDOWS\SYSTEM32\WINHTTP.dll
[1009/190929.204:ERROR:process_memory_win.cc(73)] ReadMemory at 0x7ffd64f20000 of 64 bytes failed: Only part of a ReadProcessMemory or WriteProcessMemory request was completed. (0x12B)
[1009/190929.204:WARNING:pe_image_reader.cc(340)] could not read dos header from C:\WINDOWS\SYSTEM32\DWrite.dll
[1009/190929.204:ERROR:process_memory_win.cc(73)] ReadMemory at 0x7ffd6aeb0000 of 64 bytes failed: Only part of a ReadProcessMemory or WriteProcessMemory request was completed. (0x12B)
[1009/190929.204:WARNING:pe_image_reader.cc(340)] could not read dos header from C:\WINDOWS\SYSTEM32\WINSPOOL.DRV
[1009/190929.204:ERROR:process_memory_win.cc(73)] ReadMemory at 0x7ffd6fdd0000 of 64 bytes failed: Only part of a ReadProcessMemory or WriteProcessMemory request was completed. (0x12B)
[1009/190929.204:WARNING:pe_image_reader.cc(340)] could not read dos header from C:\WINDOWS\System32\kernel.appcore.dll
[1009/190929.204:ERROR:process_memory_win.cc(73)] ReadMemory at 0x7ffd70b70000 of 64 bytes failed: Only part of a ReadProcessMemory or WriteProcessMemory request was completed. (0x12B)
[1009/190929.204:WARNING:pe_image_reader.cc(340)] could not read dos header from C:\WINDOWS\System32\bcrypt.dll
[1009/190929.204:ERROR:process_memory_win.cc(73)] ReadMemory at 0x7ffd6e650000 of 64 bytes failed: Only part of a ReadProcessMemory or WriteProcessMemory request was completed. (0x12B)
[1009/190929.204:WARNING:pe_image_reader.cc(340)] could not read dos header from C:\WINDOWS\SYSTEM32\dbghelp.dll
[1009/190929.204:ERROR:process_memory_win.cc(73)] ReadMemory at 0x7ffd6f7e0000 of 64 bytes failed: Only part of a ReadProcessMemory or WriteProcessMemory request was completed. (0x12B)
[1009/190929.204:WARNING:pe_image_reader.cc(340)] could not read dos header from C:\WINDOWS\SYSTEM32\ncrypt.dll
[1009/190929.204:ERROR:process_memory_win.cc(73)] ReadMemory at 0x7ffd68e70000 of 64 bytes failed: Only part of a ReadProcessMemory or WriteProcessMemory request was completed. (0x12B)
[1009/190929.204:WARNING:pe_image_reader.cc(340)] could not read dos header from C:\WINDOWS\SYSTEM32\dhcpcsvc.DLL
[1009/190929.204:ERROR:process_memory_win.cc(73)] ReadMemory at 0x7ffd71470000 of 64 bytes failed: Only part of a ReadProcessMemory or WriteProcessMemory request was completed. (0x12B)
[1009/190929.204:WARNING:pe_image_reader.cc(340)] could not read dos header from C:\WINDOWS\System32\NSI.dll
[1009/190929.204:ERROR:process_memory_win.cc(73)] ReadMemory at 0x7ffd6be70000 of 64 bytes failed: Only part of a ReadProcessMemory or WriteProcessMemory request was completed. (0x12B)
[1009/190929.204:WARNING:pe_image_reader.cc(340)] could not read dos header from C:\WINDOWS\SYSTEM32\WINMMBASE.dll
[1009/190929.204:ERROR:process_memory_win.cc(73)] ReadMemory at 0x7ffd700d0000 of 64 bytes failed: Only part of a ReadProcessMemory or WriteProcessMemory request was completed. (0x12B)
[1009/190929.204:WARNING:pe_image_reader.cc(340)] could not read dos header from C:\WINDOWS\System32\cfgmgr32.dll
[1009/190929.204:ERROR:process_memory_win.cc(73)] ReadMemory at 0x7ffd6e010000 of 64 bytes failed: Only part of a ReadProcessMemory or WriteProcessMemory request was completed. (0x12B)
[1009/190929.204:WARNING:pe_image_reader.cc(340)] could not read dos header from C:\WINDOWS\SYSTEM32\PROPSYS.dll
[1009/190929.204:ERROR:process_memory_win.cc(73)] ReadMemory at 0x7ffd71490000 of 64 bytes failed: Only part of a ReadProcessMemory or WriteProcessMemory request was completed. (0x12B)
[1009/190929.204:WARNING:pe_image_reader.cc(340)] could not read dos header from C:\WINDOWS\System32\shcore.dll
[1009/190929.204:ERROR:process_memory_win.cc(73)] ReadMemory at 0x7ffd6f7a0000 of 64 bytes failed: Only part of a ReadProcessMemory or WriteProcessMemory request was completed. (0x12B)
[1009/190929.204:WARNING:pe_image_reader.cc(340)] could not read dos header from C:\WINDOWS\SYSTEM32\NTASN1.dll
[1009/190929.204:ERROR:process_memory_win.cc(73)] ReadMemory at 0x7ffd6fc00000 of 64 bytes failed: Only part of a ReadProcessMemory or WriteProcessMemory request was completed. (0x12B)
[1009/190929.204:WARNING:pe_image_reader.cc(340)] could not read dos header from C:\WINDOWS\SYSTEM32\SSPICLI.DLL
[1009/190929.204:ERROR:process_memory_win.cc(73)] ReadMemory at 0x7ffd6f6e0000 of 64 bytes failed: Only part of a ReadProcessMemory or WriteProcessMemory request was completed. (0x12B)
[1009/190929.204:WARNING:pe_image_reader.cc(340)] could not read dos header from C:\WINDOWS\SYSTEM32\CRYPTBASE.DLL
[1009/190929.204:ERROR:process_memory_win.cc(73)] ReadMemory at 0x7ff79b2a0000 of 64 bytes failed: Only part of a ReadProcessMemory or WriteProcessMemory request was completed. (0x12B)
[1009/190929.204:WARNING:pe_image_reader.cc(340)] could not read dos header from C:\Program Files (x86)\Microsoft\Edge\Application\msedge.exe
[1009/190929.204:ERROR:process_memory_win.cc(73)] ReadMemory at 0x7ffd72e60000 of 64 bytes failed: Only part of a ReadProcessMemory or WriteProcessMemory request was completed. (0x12B)
[1009/190929.204:WARNING:pe_image_reader.cc(340)] could not read dos header from C:\WINDOWS\SYSTEM32\ntdll.dll
[1009/190929.204:ERROR:process_memory_win.cc(73)] ReadMemory at 0x7ffd72b30000 of 64 bytes failed: Only part of a ReadProcessMemory or WriteProcessMemory request was completed. (0x12B)
[1009/190929.204:WARNING:pe_image_reader.cc(340)] could not read dos header from C:\WINDOWS\System32\KERNEL32.DLL
[1009/190929.204:ERROR:process_memory_win.cc(73)] ReadMemory at 0x7ffd6fdf0000 of 64 bytes failed: Only part of a ReadProcessMemory or WriteProcessMemory request was completed. (0x12B)
[1009/190929.204:WARNING:pe_image_reader.cc(340)] could not read dos header from C:\WINDOWS\System32\KERNELBASE.dll
[1009/190929.204:ERROR:process_memory_win.cc(73)] ReadMemory at 0x7ffd46590000 of 64 bytes failed: Only part of a ReadProcessMemory or WriteProcessMemory request was completed. (0x12B)
[1009/190929.204:WARNING:pe_image_reader.cc(340)] could not read dos header from C:\Program Files (x86)\Microsoft\Edge\Application\85.0.564.68\msedge_elf.dll
[1009/190929.204:ERROR:process_memory_win.cc(73)] ReadMemory at 0x7ffd70c50000 of 64 bytes failed: Only part of a ReadProcessMemory or WriteProcessMemory request was completed. (0x12B)
[1009/190929.204:WARNING:pe_image_reader.cc(340)] could not read dos header from C:\WINDOWS\System32\bcryptPrimitives.dll
[1009/190929.204:ERROR:process_memory_win.cc(73)] ReadMemory at 0x7ffd72900000 of 64 bytes failed: Only part of a ReadProcessMemory or WriteProcessMemory request was completed. (0x12B)
[1009/190929.204:WARNING:pe_image_reader.cc(340)] could not read dos header from C:\WINDOWS\System32\ADVAPI32.dll
[1009/190929.204:ERROR:process_memory_win.cc(73)] ReadMemory at 0x7ffd72d50000 of 64 bytes failed: Only part of a ReadProcessMemory or WriteProcessMemory request was completed. (0x12B)
[1009/190929.204:WARNING:pe_image_reader.cc(340)] could not read dos header from C:\WINDOWS\System32\msvcrt.dll
[1009/190929.204:ERROR:process_memory_win.cc(73)] ReadMemory at 0x7ffd71960000 of 64 bytes failed: Only part of a ReadProcessMemory or WriteProcessMemory request was completed. (0x12B)
[1009/190929.204:WARNING:pe_image_reader.cc(340)] could not read dos header from C:\WINDOWS\System32\sechost.dll
[1009/190929.204:ERROR:process_memory_win.cc(73)] ReadMemory at 0x7ffd729b0000 of 64 bytes failed: Only part of a ReadProcessMemory or WriteProcessMemory request was completed. (0x12B)
[1009/190929.204:WARNING:pe_image_reader.cc(340)] could not read dos header from C:\WINDOWS\System32\RPCRT4.dll
[1009/190929.204:ERROR:process_memory_win.cc(73)] ReadMemory at 0x7ffd26ec0000 of 64 bytes failed: Only part of a ReadProcessMemory or WriteProcessMemory request was completed. (0x12B)
[1009/190929.204:WARNING:pe_image_reader.cc(340)] could not read dos header from C:\Program Files (x86)\Microsoft\Edge\Application\85.0.564.68\msedge.dll
[1009/190929.204:ERROR:process_memory_win.cc(73)] ReadMemory at 0x7ffd71a30000 of 64 bytes failed: Only part of a ReadProcessMemory or WriteProcessMemory request was completed. (0x12B)
[1009/190929.204:WARNING:pe_image_reader.cc(340)] could not read dos header from C:\WINDOWS\System32\WS2_32.dll
[1009/190929.204:ERROR:process_memory_win.cc(73)] ReadMemory at 0x7ffd71890000 of 64 bytes failed: Only part of a ReadProcessMemory or WriteProcessMemory request was completed. (0x12B)
[1009/190929.204:WARNING:pe_image_reader.cc(340)] could not read dos header from C:\WINDOWS\System32\OLEAUT32.dll
[1009/190929.204:ERROR:process_memory_win.cc(73)] ReadMemory at 0x7ffd70e70000 of 64 bytes failed: Only part of a ReadProcessMemory or WriteProcessMemory request was completed. (0x12B)
[1009/190929.204:WARNING:pe_image_reader.cc(340)] could not read dos header from C:\WINDOWS\System32\msvcp_win.dll
[1009/190929.204:ERROR:process_memory_win.cc(73)] ReadMemory at 0x7ffd70a70000 of 64 bytes failed: Only part of a ReadProcessMemory or WriteProcessMemory request was completed. (0x12B)
[1009/190929.204:WARNING:pe_image_reader.cc(340)] could not read dos header from C:\WINDOWS\System32\ucrtbase.dll
[1009/190929.204:ERROR:process_memory_win.cc(73)] ReadMemory at 0x7ffd71b70000 of 64 bytes failed: Only part of a ReadProcessMemory or WriteProcessMemory request was completed. (0x12B)
[1009/190929.204:WARNING:pe_image_reader.cc(340)] could not read dos header from C:\WINDOWS\System32\combase.dll
[1009/190929.204:ERROR:process_memory_win.cc(73)] ReadMemory at 0x7ffd70120000 of 64 bytes failed: Only part of a ReadProcessMemory or WriteProcessMemory request was completed. (0x12B)
[1009/190929.204:WARNING:pe_image_reader.cc(340)] could not read dos header from C:\WINDOWS\System32\WINTRUST.dll
[1009/190929.204:ERROR:process_memory_win.cc(73)] ReadMemory at 0x7ffd6fdb0000 of 64 bytes failed: Only part of a ReadProcessMemory or WriteProcessMemory request was completed. (0x12B)
[1009/190929.204:WARNING:pe_image_reader.cc(340)] could not read dos header from C:\WINDOWS\System32\MSASN1.dll
[1009/190929.204:ERROR:process_memory_win.cc(73)] ReadMemory at 0x7ffd70920000 of 64 bytes failed: Only part of a ReadProcessMemory or WriteProcessMemory request was completed. (0x12B)
[1009/190929.204:WARNING:pe_image_reader.cc(340)] could not read dos header from C:\WINDOWS\System32\CRYPT32.dll
[1009/190929.204:ERROR:process_memory_win.cc(73)] ReadMemory at 0x7ffd6f220000 of 64 bytes failed: Only part of a ReadProcessMemory or WriteProcessMemory request was completed. (0x12B)
[1009/190929.204:WARNING:pe_image_reader.cc(340)] could not read dos header from C:\WINDOWS\SYSTEM32\IPHLPAPI.DLL
[1009/190929.204:ERROR:process_memory_win.cc(73)] ReadMemory at 0x7ffd6bea0000 of 64 bytes failed: Only part of a ReadProcessMemory or WriteProcessMemory request was completed. (0x12B)
[1009/190929.204:WARNING:pe_image_reader.cc(340)] could not read dos header from C:\WINDOWS\SYSTEM32\WINMM.dll
[1009/190929.204:ERROR:process_memory_win.cc(73)] ReadMemory at 0x7ffd523d0000 of 64 bytes failed: Only part of a ReadProcessMemory or WriteProcessMemory request was completed. (0x12B)
[1009/190929.204:WARNING:pe_image_reader.cc(340)] could not read dos header from C:\WINDOWS\SYSTEM32\UIAutomationCore.DLL
[1009/190929.204:ERROR:process_memory_win.cc(73)] ReadMemory at 0x7ffd545c0000 of 64 bytes failed: Only part of a ReadProcessMemory or WriteProcessMemory request was completed. (0x12B)
[1009/190929.204:WARNING:pe_image_reader.cc(340)] could not read dos header from C:\WINDOWS\SYSTEM32\Secur32.dll
[1009/190929.204:ERROR:process_memory_win.cc(73)] ReadMemory at 0x7ffd6fc40000 of 64 bytes failed: Only part of a ReadProcessMemory or WriteProcessMemory request was completed. (0x12B)
[1009/190929.204:WARNING:pe_image_reader.cc(340)] could not read dos header from C:\WINDOWS\SYSTEM32\USERENV.dll
[1009/190929.204:ERROR:process_memory_win.cc(73)] ReadMemory at 0x7ffd6fd30000 of 64 bytes failed: Only part of a ReadProcessMemory or WriteProcessMemory request was completed. (0x12B)
[1009/190929.204:WARNING:pe_image_reader.cc(340)] could not read dos header from C:\WINDOWS\System32\profapi.dll
[1009/190929.204:ERROR:process_memory_win.cc(73)] ReadMemory at 0x7ffd67bc0000 of 64 bytes failed: Only part of a ReadProcessMemory or WriteProcessMemory request was completed. (0x12B)
[1009/190929.204:WARNING:pe_image_reader.cc(340)] could not read dos header from C:\WINDOWS\SYSTEM32\WINHTTP.dll
[1009/190929.204:ERROR:process_memory_win.cc(73)] ReadMemory at 0x7ffd64f20000 of 64 bytes failed: Only part of a ReadProcessMemory or WriteProcessMemory request was completed. (0x12B)
[1009/190929.204:WARNING:pe_image_reader.cc(340)] could not read dos header from C:\WINDOWS\SYSTEM32\DWrite.dll
[1009/190929.204:ERROR:process_memory_win.cc(73)] ReadMemory at 0x7ffd6aeb0000 of 64 bytes failed: Only part of a ReadProcessMemory or WriteProcessMemory request was completed. (0x12B)
[1009/190929.204:WARNING:pe_image_reader.cc(340)] could not read dos header from C:\WINDOWS\SYSTEM32\WINSPOOL.DRV
[1009/190929.204:ERROR:process_memory_win.cc(73)] ReadMemory at 0x7ffd6fdd0000 of 64 bytes failed: Only part of a ReadProcessMemory or WriteProcessMemory request was completed. (0x12B)
[1009/190929.204:WARNING:pe_image_reader.cc(340)] could not read dos header from C:\WINDOWS\System32\kernel.appcore.dll
[1009/190929.204:ERROR:process_memory_win.cc(73)] ReadMemory at 0x7ffd70b70000 of 64 bytes failed: Only part of a ReadProcessMemory or WriteProcessMemory request was completed. (0x12B)
[1009/190929.204:WARNING:pe_image_reader.cc(340)] could not read dos header from C:\WINDOWS\System32\bcrypt.dll
[1009/190929.204:ERROR:process_memory_win.cc(73)] ReadMemory at 0x7ffd6e650000 of 64 bytes failed: Only part of a ReadProcessMemory or WriteProcessMemory request was completed. (0x12B)
[1009/190929.204:WARNING:pe_image_reader.cc(340)] could not read dos header from C:\WINDOWS\SYSTEM32\dbghelp.dll
[1009/190929.204:ERROR:process_memory_win.cc(73)] ReadMemory at 0x7ffd6f7e0000 of 64 bytes failed: Only part of a ReadProcessMemory or WriteProcessMemory request was completed. (0x12B)
[1009/190929.204:WARNING:pe_image_reader.cc(340)] could not read dos header from C:\WINDOWS\SYSTEM32\ncrypt.dll
[1009/190929.204:ERROR:process_memory_win.cc(73)] ReadMemory at 0x7ffd68e70000 of 64 bytes failed: Only part of a ReadProcessMemory or WriteProcessMemory request was completed. (0x12B)
[1009/190929.204:WARNING:pe_image_reader.cc(340)] could not read dos header from C:\WINDOWS\SYSTEM32\dhcpcsvc.DLL
[1009/190929.204:ERROR:process_memory_win.cc(73)] ReadMemory at 0x7ffd71470000 of 64 bytes failed: Only part of a ReadProcessMemory or WriteProcessMemory request was completed. (0x12B)
[1009/190929.204:WARNING:pe_image_reader.cc(340)] could not read dos header from C:\WINDOWS\System32\NSI.dll
[1009/190929.204:ERROR:process_memory_win.cc(73)] ReadMemory at 0x7ffd6be70000 of 64 bytes failed: Only part of a ReadProcessMemory or WriteProcessMemory request was completed. (0x12B)
[1009/190929.204:WARNING:pe_image_reader.cc(340)] could not read dos header from C:\WINDOWS\SYSTEM32\WINMMBASE.dll
[1009/190929.204:ERROR:process_memory_win.cc(73)] ReadMemory at 0x7ffd700d0000 of 64 bytes failed: Only part of a ReadProcessMemory or WriteProcessMemory request was completed. (0x12B)
[1009/190929.204:WARNING:pe_image_reader.cc(340)] could not read dos header from C:\WINDOWS\System32\cfgmgr32.dll
[1009/190929.204:ERROR:process_memory_win.cc(73)] ReadMemory at 0x7ffd6e010000 of 64 bytes failed: Only part of a ReadProcessMemory or WriteProcessMemory request was completed. (0x12B)
[1009/190930.142:WARNING:pe_image_reader.cc(340)] could not read dos header from C:\WINDOWS\SYSTEM32\PROPSYS.dll
[1009/190930.142:ERROR:process_memory_win.cc(73)] ReadMemory at 0x7ffd71490000 of 64 bytes failed: Only part of a ReadProcessMemory or WriteProcessMemory request was completed. (0x12B)
[1009/190930.142:WARNING:pe_image_reader.cc(340)] could not read dos header from C:\WINDOWS\System32\shcore.dll
[1009/190930.142:ERROR:process_memory_win.cc(73)] ReadMemory at 0x7ffd6f7a0000 of 64 bytes failed: Only part of a ReadProcessMemory or WriteProcessMemory request was completed. (0x12B)
[1009/190930.142:WARNING:pe_image_reader.cc(340)] could not read dos header from C:\WINDOWS\SYSTEM32\NTASN1.dll
[1009/190930.142:ERROR:process_memory_win.cc(73)] ReadMemory at 0x7ffd6fc00000 of 64 bytes failed: Only part of a ReadProcessMemory or WriteProcessMemory request was completed. (0x12B)
[1009/190930.142:WARNING:pe_image_reader.cc(340)] could not read dos header from C:\WINDOWS\SYSTEM32\SSPICLI.DLL
[1009/190930.142:ERROR:process_memory_win.cc(73)] ReadMemory at 0x7ffd6f6e0000 of 64 bytes failed: Only part of a ReadProcessMemory or WriteProcessMemory request was completed. (0x12B)
[1009/190930.142:WARNING:pe_image_reader.cc(340)] could not read dos header from C:\WINDOWS\SYSTEM32\CRYPTBASE.DLL
[1009/190930.298:ERROR:process_memory_win.cc(73)] ReadMemory at 0x5a15ea000 of 90112 bytes failed: Only part of a ReadProcessMemory or WriteProcessMemory request was completed. (0x12B)
[1009/190930.298:ERROR:process_memory_win.cc(73)] ReadMemory at 0x5a1dff000 of 4096 bytes failed: Only part of a ReadProcessMemory or WriteProcessMemory request was completed. (0x12B)
[1009/190930.298:ERROR:process_memory_win.cc(73)] ReadMemory at 0x5a25fd000 of 12288 bytes failed: Only part of a ReadProcessMemory or WriteProcessMemory request was completed. (0x12B)
[1009/190930.298:ERROR:process_memory_win.cc(73)] ReadMemory at 0x5a35fc000 of 16384 bytes failed: Only part of a ReadProcessMemory or WriteProcessMemory request was completed. (0x12B)
[1009/190930.298:ERROR:process_memory_win.cc(73)] ReadMemory at 0x5a3dfc000 of 16384 bytes failed: Only part of a ReadProcessMemory or WriteProcessMemory request was completed. (0x12B)
[1009/190930.298:ERROR:process_memory_win.cc(73)] ReadMemory at 0x5a45fd000 of 12288 bytes failed: Only part of a ReadProcessMemory or WriteProcessMemory request was completed. (0x12B)
[1009/190930.298:ERROR:process_memory_win.cc(73)] ReadMemory at 0x5a4dfc000 of 16384 bytes failed: Only part of a ReadProcessMemory or WriteProcessMemory request was completed. (0x12B)
[1009/190930.298:ERROR:process_memory_win.cc(73)] ReadMemory at 0x5a5dfd000 of 12288 bytes failed: Only part of a ReadProcessMemory or WriteProcessMemory request was completed. (0x12B)
[1009/190930.298:ERROR:process_memory_win.cc(73)] ReadMemory at 0x5a65fa000 of 24576 bytes failed: Only part of a ReadProcessMemory or WriteProcessMemory request was completed. (0x12B)
[1009/190930.298:ERROR:process_memory_win.cc(73)] ReadMemory at 0x5a6df6000 of 40960 bytes failed: Only part of a ReadProcessMemory or WriteProcessMemory request was completed. (0x12B)
[1009/190930.298:ERROR:process_memory_win.cc(73)] ReadMemory at 0x5a75fd000 of 12288 bytes failed: Only part of a ReadProcessMemory or WriteProcessMemory request was completed. (0x12B)
[1009/190930.298:ERROR:process_memory_win.cc(73)] ReadMemory at 0x5a7dfd000 of 12288 bytes failed: Only part of a ReadProcessMemory or WriteProcessMemory request was completed. (0x12B)
[1009/190930.298:ERROR:process_memory_win.cc(73)] ReadMemory at 0x5a55fd000 of 12288 bytes failed: Only part of a ReadProcessMemory or WriteProcessMemory request was completed. (0x12B)
[1009/190930.298:ERROR:process_memory_win.cc(73)] ReadMemory at 0x5a95fd000 of 12288 bytes failed: Only part of a ReadProcessMemory or WriteProcessMemory request was completed. (0x12B)
[1009/190930.298:ERROR:process_memory_win.cc(73)] ReadMemory at 0x5a8dfd000 of 12288 bytes failed: Only part of a ReadProcessMemory or WriteProcessMemory request was completed. (0x12B)
[1009/190930.298:ERROR:process_memory_win.cc(73)] ReadMemory at 0x5a2dfe000 of 8192 bytes failed: Only part of a ReadProcessMemory or WriteProcessMemory request was completed. (0x12B)
[1009/190930.298:ERROR:process_memory_win.cc(73)] ReadMemory at 0x5a85fd000 of 12288 bytes failed: Only part of a ReadProcessMemory or WriteProcessMemory request was completed. (0x12B)
[1009/190930.298:ERROR:process_memory_win.cc(73)] ReadMemory at 0x5a9dfe000 of 8192 bytes failed: Only part of a ReadProcessMemory or WriteProcessMemory request was completed. (0x12B)
[1009/190930.611:ERROR:process_memory_win.cc(73)] ReadMemory at 0x5a0c1f000 of 852 bytes failed: Only part of a ReadProcessMemory or WriteProcessMemory request was completed. (0x12B)
[1009/190930.611:ERROR:process_memory_win.cc(73)] ReadMemory at 0x5a0c20000 of 6024 bytes failed: Only part of a ReadProcessMemory or WriteProcessMemory request was completed. (0x12B)
[1009/190930.611:ERROR:process_memory_win.cc(73)] ReadMemory at 0x5a0c22000 of 6024 bytes failed: Only part of a ReadProcessMemory or WriteProcessMemory request was completed. (0x12B)
[1009/190930.611:ERROR:process_memory_win.cc(73)] ReadMemory at 0x5a0c24000 of 6024 bytes failed: Only part of a ReadProcessMemory or WriteProcessMemory request was completed. (0x12B)
[1009/190930.611:ERROR:process_memory_win.cc(73)] ReadMemory at 0x5a0c28000 of 6024 bytes failed: Only part of a ReadProcessMemory or WriteProcessMemory request was completed. (0x12B)
[1009/190930.611:ERROR:process_memory_win.cc(73)] ReadMemory at 0x5a0c2a000 of 6024 bytes failed: Only part of a ReadProcessMemory or WriteProcessMemory request was completed. (0x12B)
[1009/190930.611:ERROR:process_memory_win.cc(73)] ReadMemory at 0x5a0c2c000 of 6024 bytes failed: Only part of a ReadProcessMemory or WriteProcessMemory request was completed. (0x12B)
[1009/190930.611:ERROR:process_memory_win.cc(73)] ReadMemory at 0x5a0c2e000 of 6024 bytes failed: Only part of a ReadProcessMemory or WriteProcessMemory request was completed. (0x12B)
[1009/190930.611:ERROR:process_memory_win.cc(73)] ReadMemory at 0x5a0c32000 of 6024 bytes failed: Only part of a ReadProcessMemory or WriteProcessMemory request was completed. (0x12B)
[1009/190930.611:ERROR:process_memory_win.cc(73)] ReadMemory at 0x5a0c34000 of 6024 bytes failed: Only part of a ReadProcessMemory or WriteProcessMemory request was completed. (0x12B)
[1009/190930.611:ERROR:process_memory_win.cc(73)] ReadMemory at 0x5a0c36000 of 6024 bytes failed: Only part of a ReadProcessMemory or WriteProcessMemory request was completed. (0x12B)
[1009/190930.611:ERROR:process_memory_win.cc(73)] ReadMemory at 0x5a0c38000 of 6024 bytes failed: Only part of a ReadProcessMemory or WriteProcessMemory request was completed. (0x12B)
[1009/190930.611:ERROR:process_memory_win.cc(73)] ReadMemory at 0x5a0c3a000 of 6024 bytes failed: Only part of a ReadProcessMemory or WriteProcessMemory request was completed. (0x12B)
[1009/190930.611:ERROR:process_memory_win.cc(73)] ReadMemory at 0x5a0c40000 of 6024 bytes failed: Only part of a ReadProcessMemory or WriteProcessMemory request was completed. (0x12B)
[1009/190930.611:ERROR:process_memory_win.cc(73)] ReadMemory at 0x5a0c70000 of 6024 bytes failed: Only part of a ReadProcessMemory or WriteProcessMemory request was completed. (0x12B)
[1009/190930.611:ERROR:process_memory_win.cc(73)] ReadMemory at 0x5a0c72000 of 6024 bytes failed: Only part of a ReadProcessMemory or WriteProcessMemory request was completed. (0x12B)
[1009/190930.611:ERROR:process_memory_win.cc(73)] ReadMemory at 0x5a0c74000 of 6024 bytes failed: Only part of a ReadProcessMemory or WriteProcessMemory request was completed. (0x12B)
[1009/190930.611:ERROR:process_memory_win.cc(73)] ReadMemory at 0x5a0c76000 of 6024 bytes failed: Only part of a ReadProcessMemory or WriteProcessMemory request was completed. (0x12B)
[1009/190930.611:ERROR:process_memory_win.cc(73)] ReadMemory at 0x5a0c78000 of 6024 bytes failed: Only part of a ReadProcessMemory or WriteProcessMemory request was completed. (0x12B)
[1009/190930.611:ERROR:process_memory_win.cc(73)] ReadMemory at 0x177cefd02c0 of 40 bytes failed: Only part of a ReadProcessMemory or WriteProcessMemory request was completed. (0x12B)
[1009/190930.611:ERROR:process_memory_win.cc(73)] ReadMemory at 0x177cefe02c0 of 40 bytes failed: Only part of a ReadProcessMemory or WriteProcessMemory request was completed. (0x12B)
[1009/190930.611:ERROR:process_memory_win.cc(73)] ReadMemory at 0x177cf092200 of 512 bytes failed: Only part of a ReadProcessMemory or WriteProcessMemory request was completed. (0x12B)
[1009/190930.767:ERROR:process_memory_win.cc(73)] ReadMemory at 0x177cf0b02c0 of 40 bytes failed: Only part of a ReadProcessMemory or WriteProcessMemory request was completed. (0x12B)
[1009/190930.767:ERROR:process_memory_win.cc(73)] ReadMemory at 0x177cf0b0ad0 of 512 bytes failed: Only part of a ReadProcessMemory or WriteProcessMemory request was completed. (0x12B)
[1009/190930.767:ERROR:process_memory_win.cc(73)] ReadMemory at 0x177cf0b0fe0 of 20362 bytes failed: Only part of a ReadProcessMemory or WriteProcessMemory request was completed. (0x12B)
[1009/190930.767:ERROR:process_memory_win.cc(73)] ReadMemory at 0x177cf0b5f80 of 1012 bytes failed: Only part of a ReadProcessMemory or WriteProcessMemory request was completed. (0x12B)
[1009/190930.767:ERROR:process_memory_win.cc(73)] ReadMemory at 0x177cf0b65c8 of 120 bytes failed: Only part of a ReadProcessMemory or WriteProcessMemory request was completed. (0x12B)
[1009/190930.767:ERROR:process_memory_win.cc(73)] ReadMemory at 0x177cf0b6642 of 758 bytes failed: Only part of a ReadProcessMemory or WriteProcessMemory request was completed. (0x12B)
[1009/190930.767:ERROR:process_memory_win.cc(73)] ReadMemory at 0x177cf0b693a of 120 bytes failed: Only part of a ReadProcessMemory or WriteProcessMemory request was completed. (0x12B)
[1009/190930.767:ERROR:process_memory_win.cc(73)] ReadMemory at 0x177cf0b69b4 of 102 bytes failed: Only part of a ReadProcessMemory or WriteProcessMemory request was completed. (0x12B)
[1009/190930.767:ERROR:process_memory_win.cc(73)] ReadMemory at 0x177cf0b6a30 of 58 bytes failed: Only part of a ReadProcessMemory or WriteProcessMemory request was completed. (0x12B)
[1009/190930.767:ERROR:process_memory_win.cc(73)] ReadMemory at 0x177cf0b6b30 of 132 bytes failed: Only part of a ReadProcessMemory or WriteProcessMemory request was completed. (0x12B)
[1009/190930.767:ERROR:process_memory_win.cc(73)] ReadMemory at 0x177cf0b6cc0 of 132 bytes failed: Only part of a ReadProcessMemory or WriteProcessMemory request was completed. (0x12B)
[1009/190930.767:ERROR:process_memory_win.cc(73)] ReadMemory at 0x177cf0b7260 of 132 bytes failed: Only part of a ReadProcessMemory or WriteProcessMemory request was completed. (0x12B)
[1009/190930.767:ERROR:process_memory_win.cc(73)] ReadMemory at 0x177cf0b73f0 of 64 bytes failed: Only part of a ReadProcessMemory or WriteProcessMemory request was completed. (0x12B)
[1009/190930.767:ERROR:process_memory_win.cc(73)] ReadMemory at 0x177cf0b75b0 of 132 bytes failed: Only part of a ReadProcessMemory or WriteProcessMemory request was completed. (0x12B)
[1009/190930.767:ERROR:process_memory_win.cc(73)] ReadMemory at 0x177cf0b7850 of 132 bytes failed: Only part of a ReadProcessMemory or WriteProcessMemory request was completed. (0x12B)
[1009/190930.767:ERROR:process_memory_win.cc(73)] ReadMemory at 0x177cf0b79e0 of 68 bytes failed: Only part of a ReadProcessMemory or WriteProcessMemory request was completed. (0x12B)
[1009/190930.767:ERROR:process_memory_win.cc(73)] ReadMemory at 0x177cf0b89d0 of 152 bytes failed: Only part of a ReadProcessMemory or WriteProcessMemory request was completed. (0x12B)
[1009/190930.767:ERROR:process_memory_win.cc(73)] ReadMemory at 0x177cf0c83b0 of 60 bytes failed: Only part of a ReadProcessMemory or WriteProcessMemory request was completed. (0x12B)
[1009/190930.767:ERROR:process_memory_win.cc(73)] ReadMemory at 0x177cf0c85e0 of 62 bytes failed: Only part of a ReadProcessMemory or WriteProcessMemory request was completed. (0x12B)
[1009/190930.767:ERROR:process_memory_win.cc(73)] ReadMemory at 0x177cf0c8630 of 60 bytes failed: Only part of a ReadProcessMemory or WriteProcessMemory request was completed. (0x12B)
[1009/190930.767:ERROR:process_memory_win.cc(73)] ReadMemory at 0x177cf0c8a40 of 62 bytes failed: Only part of a ReadProcessMemory or WriteProcessMemory request was completed. (0x12B)
[1009/190930.767:ERROR:process_memory_win.cc(73)] ReadMemory at 0x177cf0ca920 of 54 bytes failed: Only part of a ReadProcessMemory or WriteProcessMemory request was completed. (0x12B)
[1009/190930.767:ERROR:process_memory_win.cc(73)] ReadMemory at 0x177cf0cc2c0 of 80 bytes failed: Only part of a ReadProcessMemory or WriteProcessMemory request was completed. (0x12B)
[1009/190930.814:ERROR:process_memory_win.cc(73)] ReadMemory at 0x177cf0ce040 of 132 bytes failed: Only part of a ReadProcessMemory or WriteProcessMemory request was completed. (0x12B)
[1009/190930.970:ERROR:process_memory_win.cc(73)] ReadMemory at 0x177cf0cf030 of 132 bytes failed: Only part of a ReadProcessMemory or WriteProcessMemory request was completed. (0x12B)
[1009/190931.142:ERROR:process_memory_win.cc(73)] ReadMemory at 0x177cf0cf180 of 132 bytes failed: Only part of a ReadProcessMemory or WriteProcessMemory request was completed. (0x12B)
[1009/190931.142:ERROR:process_memory_win.cc(73)] ReadMemory at 0x177cf0cfa20 of 80 bytes failed: Only part of a ReadProcessMemory or WriteProcessMemory request was completed. (0x12B)
[1009/190931.142:ERROR:process_memory_win.cc(73)] ReadMemory at 0x177cf0cff60 of 76 bytes failed: Only part of a ReadProcessMemory or WriteProcessMemory request was completed. (0x12B)
[1009/190931.142:ERROR:process_memory_win.cc(73)] ReadMemory at 0x177cf0d41c0 of 132 bytes failed: Only part of a ReadProcessMemory or WriteProcessMemory request was completed. (0x12B)
[1009/190931.142:ERROR:process_memory_win.cc(73)] ReadMemory at 0x177cf0d43e0 of 132 bytes failed: Only part of a ReadProcessMemory or WriteProcessMemory request was completed. (0x12B)
[1009/190931.142:ERROR:process_memory_win.cc(73)] ReadMemory at 0x177cf0d5400 of 132 bytes failed: Only part of a ReadProcessMemory or WriteProcessMemory request was completed. (0x12B)
[1009/190931.142:ERROR:process_memory_win.cc(73)] ReadMemory at 0x177cf0d55a0 of 132 bytes failed: Only part of a ReadProcessMemory or WriteProcessMemory request was completed. (0x12B)
[1009/190931.142:ERROR:process_memory_win.cc(73)] ReadMemory at 0x177cf0d5800 of 132 bytes failed: Only part of a ReadProcessMemory or WriteProcessMemory request was completed. (0x12B)
[1009/190931.142:ERROR:process_memory_win.cc(73)] ReadMemory at 0x177cf0d5930 of 132 bytes failed: Only part of a ReadProcessMemory or WriteProcessMemory request was completed. (0x12B)
[1009/190931.142:ERROR:process_memory_win.cc(73)] ReadMemory at 0x177cf0d5a60 of 132 bytes failed: Only part of a ReadProcessMemory or WriteProcessMemory request was completed. (0x12B)
[1009/190931.142:ERROR:process_memory_win.cc(73)] ReadMemory at 0x177cf0d5b90 of 132 bytes failed: Only part of a ReadProcessMemory or WriteProcessMemory request was completed. (0x12B)
[1009/190931.142:ERROR:process_memory_win.cc(73)] ReadMemory at 0x177cf0d5e40 of 60 bytes failed: Only part of a ReadProcessMemory or WriteProcessMemory request was completed. (0x12B)
[1009/190931.142:ERROR:process_memory_win.cc(73)] ReadMemory at 0x177cf0d5f30 of 64 bytes failed: Only part of a ReadProcessMemory or WriteProcessMemory request was completed. (0x12B)
[1009/190931.142:ERROR:process_memory_win.cc(73)] ReadMemory at 0x177cf0d5f80 of 66 bytes failed: Only part of a ReadProcessMemory or WriteProcessMemory request was completed. (0x12B)
[1009/190931.142:ERROR:process_memory_win.cc(73)] ReadMemory at 0x177cf0d5fd0 of 64 bytes failed: Only part of a ReadProcessMemory or WriteProcessMemory request was completed. (0x12B)
[1009/190931.142:ERROR:process_memory_win.cc(73)] ReadMemory at 0x177cf0d6070 of 62 bytes failed: Only part of a ReadProcessMemory or WriteProcessMemory request was completed. (0x12B)
[1009/190931.142:ERROR:process_memory_win.cc(73)] ReadMemory at 0x177cf0d6160 of 64 bytes failed: Only part of a ReadProcessMemory or WriteProcessMemory request was completed. (0x12B)
[1009/190931.142:ERROR:process_memory_win.cc(73)] ReadMemory at 0x177cf0d6200 of 58 bytes failed: Only part of a ReadProcessMemory or WriteProcessMemory request was completed. (0x12B)
[1009/190931.142:ERROR:process_memory_win.cc(73)] ReadMemory at 0x177cf0d62f0 of 60 bytes failed: Only part of a ReadProcessMemory or WriteProcessMemory request was completed. (0x12B)
[1009/190931.142:ERROR:process_memory_win.cc(73)] ReadMemory at 0x177cf0d63e0 of 62 bytes failed: Only part of a ReadProcessMemory or WriteProcessMemory request was completed. (0x12B)
[1009/190931.142:ERROR:process_memory_win.cc(73)] ReadMemory at 0x177cf0d6430 of 62 bytes failed: Only part of a ReadProcessMemory or WriteProcessMemory request was completed. (0x12B)
[1009/190931.142:ERROR:process_memory_win.cc(73)] ReadMemory at 0x177cf0d6520 of 60 bytes failed: Only part of a ReadProcessMemory or WriteProcessMemory request was completed. (0x12B)
[1009/190931.142:ERROR:process_memory_win.cc(73)] ReadMemory at 0x177cf0d65c0 of 60 bytes failed: Only part of a ReadProcessMemory or WriteProcessMemory request was completed. (0x12B)
[1009/190931.142:ERROR:process_memory_win.cc(73)] ReadMemory at 0x177cf0d6660 of 64 bytes failed: Only part of a ReadProcessMemory or WriteProcessMemory request was completed. (0x12B)
[1009/190931.142:ERROR:process_memory_win.cc(73)] ReadMemory at 0x177cf0d67a0 of 60 bytes failed: Only part of a ReadProcessMemory or WriteProcessMemory request was completed. (0x12B)
[1009/190931.142:ERROR:process_memory_win.cc(73)] ReadMemory at 0x177cf0d67f0 of 62 bytes failed: Only part of a ReadProcessMemory or WriteProcessMemory request was completed. (0x12B)
[1009/190931.142:ERROR:process_memory_win.cc(73)] ReadMemory at 0x177cf0d6890 of 64 bytes failed: Only part of a ReadProcessMemory or WriteProcessMemory request was completed. (0x12B)
[1009/190931.142:ERROR:process_memory_win.cc(73)] ReadMemory at 0x177cf0d6980 of 66 bytes failed: Only part of a ReadProcessMemory or WriteProcessMemory request was completed. (0x12B)
[1009/190931.142:ERROR:process_memory_win.cc(73)] ReadMemory at 0x177cf0d69d0 of 62 bytes failed: Only part of a ReadProcessMemory or WriteProcessMemory request was completed. (0x12B)
[1009/190931.142:ERROR:process_memory_win.cc(73)] ReadMemory at 0x177cf0d6a20 of 62 bytes failed: Only part of a ReadProcessMemory or WriteProcessMemory request was completed. (0x12B)
[1009/190931.142:ERROR:process_memory_win.cc(73)] ReadMemory at 0x177cf0d6ac0 of 60 bytes failed: Only part of a ReadProcessMemory or WriteProcessMemory request was completed. (0x12B)
[1009/190931.142:ERROR:process_memory_win.cc(73)] ReadMemory at 0x177cf0d6bb0 of 62 bytes failed: Only part of a ReadProcessMemory or WriteProcessMemory request was completed. (0x12B)
[1009/190931.142:ERROR:process_memory_win.cc(73)] ReadMemory at 0x177cf0d6c50 of 64 bytes failed: Only part of a ReadProcessMemory or WriteProcessMemory request was completed. (0x12B)
[1009/190931.142:ERROR:process_memory_win.cc(73)] ReadMemory at 0x177cf0d6ca0 of 60 bytes failed: Only part of a ReadProcessMemory or WriteProcessMemory request was completed. (0x12B)
[1009/190931.142:ERROR:process_memory_win.cc(73)] ReadMemory at 0x177cf0d6cf0 of 64 bytes failed: Only part of a ReadProcessMemory or WriteProcessMemory request was completed. (0x12B)
[1009/190931.142:ERROR:process_memory_win.cc(73)] ReadMemory at 0x177cf0d6d40 of 64 bytes failed: Only part of a ReadProcessMemory or WriteProcessMemory request was completed. (0x12B)
[1009/190931.142:ERROR:process_memory_win.cc(73)] ReadMemory at 0x177cf0d6d90 of 62 bytes failed: Only part of a ReadProcessMemory or WriteProcessMemory request was completed. (0x12B)
[1009/190931.142:ERROR:process_memory_win.cc(73)] ReadMemory at 0x177cf0d8100 of 132 bytes failed: Only part of a ReadProcessMemory or WriteProcessMemory request was completed. (0x12B)
[1009/190931.142:ERROR:process_memory_win.cc(73)] ReadMemory at 0x177cf0d8230 of 144 bytes failed: Only part of a ReadProcessMemory or WriteProcessMemory request was completed. (0x12B)
[1009/190931.142:ERROR:process_memory_win.cc(73)] ReadMemory at 0x177cf0d8680 of 132 bytes failed: Only part of a ReadProcessMemory or WriteProcessMemory request was completed. (0x12B)
[1009/190931.142:ERROR:process_memory_win.cc(73)] ReadMemory at 0x177cf0d87b0 of 132 bytes failed: Only part of a ReadProcessMemory or WriteProcessMemory request was completed. (0x12B)
[1009/190931.142:ERROR:process_memory_win.cc(73)] ReadMemory at 0x177cf0da940 of 132 bytes failed: Only part of a ReadProcessMemory or WriteProcessMemory request was completed. (0x12B)
[1009/190931.142:ERROR:process_memory_win.cc(73)] ReadMemory at 0x177cf0dab50 of 132 bytes failed: Only part of a ReadProcessMemory or WriteProcessMemory request was completed. (0x12B)
[1009/190931.142:ERROR:process_memory_win.cc(73)] ReadMemory at 0x177cf0dae30 of 132 bytes failed: Only part of a ReadProcessMemory or WriteProcessMemory request was completed. (0x12B)
[1009/190931.142:ERROR:process_memory_win.cc(73)] ReadMemory at 0x177cf0e0490 of 132 bytes failed: Only part of a ReadProcessMemory or WriteProcessMemory request was completed. (0x12B)
[1009/190931.142:ERROR:process_memory_win.cc(73)] ReadMemory at 0x177cf0e05c0 of 132 bytes failed: Only part of a ReadProcessMemory or WriteProcessMemory request was completed. (0x12B)
[1009/190931.142:ERROR:process_memory_win.cc(73)] ReadMemory at 0x177cf0e0950 of 132 bytes failed: Only part of a ReadProcessMemory or WriteProcessMemory request was completed. (0x12B)
[1009/190931.142:ERROR:process_memory_win.cc(73)] ReadMemory at 0x177cf0e0a80 of 132 bytes failed: Only part of a ReadProcessMemory or WriteProcessMemory request was completed. (0x12B)
[1009/190931.142:ERROR:process_memory_win.cc(73)] ReadMemory at 0x177cf0e0bb0 of 132 bytes failed: Only part of a ReadProcessMemory or WriteProcessMemory request was completed. (0x12B)
[1009/190931.142:ERROR:process_memory_win.cc(73)] ReadMemory at 0x177cf0e0ce0 of 132 bytes failed: Only part of a ReadProcessMemory or WriteProcessMemory request was completed. (0x12B)
[1009/190931.142:ERROR:process_memory_win.cc(73)] ReadMemory at 0x177cf0e0e10 of 132 bytes failed: Only part of a ReadProcessMemory or WriteProcessMemory request was completed. (0x12B)
[1009/190931.142:ERROR:process_memory_win.cc(73)] ReadMemory at 0x177cf0e0f40 of 132 bytes failed: Only part of a ReadProcessMemory or WriteProcessMemory request was completed. (0x12B)
[1009/190931.142:ERROR:process_memory_win.cc(73)] ReadMemory at 0x177cf0e11a0 of 132 bytes failed: Only part of a ReadProcessMemory or WriteProcessMemory request was completed. (0x12B)
[1009/190931.142:ERROR:process_memory_win.cc(73)] ReadMemory at 0x177cf0e12d0 of 132 bytes failed: Only part of a ReadProcessMemory or WriteProcessMemory request was completed. (0x12B)
[1009/190931.157:ERROR:process_memory_win.cc(73)] ReadMemory at 0x177cf0e1400 of 132 bytes failed: Only part of a ReadProcessMemory or WriteProcessMemory request was completed. (0x12B)
[1009/190931.157:ERROR:process_memory_win.cc(73)] ReadMemory at 0x177cf0e1530 of 132 bytes failed: Only part of a ReadProcessMemory or WriteProcessMemory request was completed. (0x12B)
[1009/190931.157:ERROR:process_memory_win.cc(73)] ReadMemory at 0x177cf0e18c0 of 132 bytes failed: Only part of a ReadProcessMemory or WriteProcessMemory request was completed. (0x12B)
[1009/190931.157:ERROR:process_memory_win.cc(73)] ReadMemory at 0x177cf0e19f0 of 132 bytes failed: Only part of a ReadProcessMemory or WriteProcessMemory request was completed. (0x12B)
[1009/190931.157:ERROR:process_memory_win.cc(73)] ReadMemory at 0x177cf0e1b20 of 132 bytes failed: Only part of a ReadProcessMemory or WriteProcessMemory request was completed. (0x12B)
[1009/190931.157:ERROR:process_memory_win.cc(73)] ReadMemory at 0x177cf0e1c50 of 132 bytes failed: Only part of a ReadProcessMemory or WriteProcessMemory request was completed. (0x12B)
[1009/190931.157:ERROR:process_memory_win.cc(73)] ReadMemory at 0x177cf0e1eb0 of 132 bytes failed: Only part of a ReadProcessMemory or WriteProcessMemory request was completed. (0x12B)
[1009/190931.157:ERROR:process_memory_win.cc(73)] ReadMemory at 0x177cf0e1fe0 of 132 bytes failed: Only part of a ReadProcessMemory or WriteProcessMemory request was completed. (0x12B)
[1009/190931.157:ERROR:process_memory_win.cc(73)] ReadMemory at 0x177cf0e4860 of 512 bytes failed: Only part of a ReadProcessMemory or WriteProcessMemory request was completed. (0x12B)
[1009/190931.157:ERROR:process_memory_win.cc(73)] ReadMemory at 0x177cf0e9e30 of 48 bytes failed: Only part of a ReadProcessMemory or WriteProcessMemory request was completed. (0x12B)
[1009/190931.157:ERROR:process_memory_win.cc(73)] ReadMemory at 0x177cf0ea0b0 of 48 bytes failed: Only part of a ReadProcessMemory or WriteProcessMemory request was completed. (0x12B)
[1009/190931.157:ERROR:process_memory_win.cc(73)] ReadMemory at 0x177cf0f0060 of 40 bytes failed: Only part of a ReadProcessMemory or WriteProcessMemory request was completed. (0x12B)
[1009/190931.157:ERROR:process_memory_win.cc(73)] ReadMemory at 0x177cf0f5ab0 of 512 bytes failed: Only part of a ReadProcessMemory or WriteProcessMemory request was completed. (0x12B)
[1009/190931.157:ERROR:process_memory_win.cc(73)] ReadMemory at 0x177cf126550 of 124 bytes failed: Only part of a ReadProcessMemory or WriteProcessMemory request was completed. (0x12B)
[1009/190931.157:ERROR:process_memory_win.cc(73)] ReadMemory at 0x177cf1306f0 of 512 bytes failed: Only part of a ReadProcessMemory or WriteProcessMemory request was completed. (0x12B)
[1009/190931.157:ERROR:process_memory_win.cc(73)] ReadMemory at 0x177cf13a8a0 of 560 bytes failed: Only part of a ReadProcessMemory or WriteProcessMemory request was completed. (0x12B)
[1009/190931.157:ERROR:process_memory_win.cc(73)] ReadMemory at 0x177cf13d800 of 512 bytes failed: Only part of a ReadProcessMemory or WriteProcessMemory request was completed. (0x12B)
[1009/190931.157:ERROR:process_memory_win.cc(73)] ReadMemory at 0x177cf149760 of 512 bytes failed: Only part of a ReadProcessMemory or WriteProcessMemory request was completed. (0x12B)
[1009/190931.157:ERROR:process_memory_win.cc(73)] ReadMemory at 0x177cf16df60 of 512 bytes failed: Only part of a ReadProcessMemory or WriteProcessMemory request was completed. (0x12B)
[1009/190931.157:ERROR:process_memory_win.cc(73)] ReadMemory at 0x177cf170ee0 of 712 bytes failed: Only part of a ReadProcessMemory or WriteProcessMemory request was completed. (0x12B)
[1009/190931.157:ERROR:process_memory_win.cc(73)] ReadMemory at 0x177cf17cd50 of 512 bytes failed: Only part of a ReadProcessMemory or WriteProcessMemory request was completed. (0x12B)
[1009/190931.157:ERROR:process_memory_win.cc(73)] ReadMemory at 0x177cf1aa318 of 592 bytes failed: Only part of a ReadProcessMemory or WriteProcessMemory request was completed. (0x12B)
[1009/190931.157:ERROR:process_memory_win.cc(73)] ReadMemory at 0x177cf2402c0 of 40 bytes failed: Only part of a ReadProcessMemory or WriteProcessMemory request was completed. (0x12B)
[1009/190931.157:ERROR:process_memory_win.cc(73)] ReadMemory at 0x177cf7602c0 of 40 bytes failed: Only part of a ReadProcessMemory or WriteProcessMemory request was completed. (0x12B)
[1009/190931.157:ERROR:process_memory_win.cc(73)] ReadMemory at 0x177d10392b0 of 40 bytes failed: Only part of a ReadProcessMemory or WriteProcessMemory request was completed. (0x12B)
[1009/190931.157:ERROR:process_memory_win.cc(73)] ReadMemory at 0x177d10d79c0 of 512 bytes failed: Only part of a ReadProcessMemory or WriteProcessMemory request was completed. (0x12B)
[1009/190931.157:ERROR:process_memory_win.cc(73)] ReadMemory at 0x177d1122774 of 990 bytes failed: Only part of a ReadProcessMemory or WriteProcessMemory request was completed. (0x12B)
[1009/190931.157:ERROR:process_memory_win.cc(73)] ReadMemory at 0x177d1130000 of 384 bytes failed: Only part of a ReadProcessMemory or WriteProcessMemory request was completed. (0x12B)
[1009/190931.157:ERROR:process_memory_win.cc(73)] ReadMemory at 0x177d11d3a30 of 512 bytes failed: Only part of a ReadProcessMemory or WriteProcessMemory request was completed. (0x12B)
[1009/190931.157:ERROR:process_memory_win.cc(73)] ReadMemory at 0x177d126cc40 of 48 bytes failed: Only part of a ReadProcessMemory or WriteProcessMemory request was completed. (0x12B)
[1009/190931.157:ERROR:process_memory_win.cc(73)] ReadMemory at 0x177d126d880 of 48 bytes failed: Only part of a ReadProcessMemory or WriteProcessMemory request was completed. (0x12B)
[1009/190931.157:ERROR:process_memory_win.cc(73)] ReadMemory at 0x177d126dd00 of 48 bytes failed: Only part of a ReadProcessMemory or WriteProcessMemory request was completed. (0x12B)
[1009/190931.157:ERROR:process_memory_win.cc(73)] ReadMemory at 0x177d1ff9000 of 416 bytes failed: Only part of a ReadProcessMemory or WriteProcessMemory request was completed. (0x12B)
[1009/190931.157:ERROR:process_memory_win.cc(73)] ReadMemory at 0x177d1ff9320 of 512 bytes failed: Only part of a ReadProcessMemory or WriteProcessMemory request was completed. (0x12B)
[1009/190931.157:ERROR:process_memory_win.cc(73)] ReadMemory at 0x177d2259bf0 of 512 bytes failed: Only part of a ReadProcessMemory or WriteProcessMemory request was completed. (0x12B)
[1009/190931.157:ERROR:process_memory_win.cc(73)] ReadMemory at 0x177d2261c80 of 48 bytes failed: Only part of a ReadProcessMemory or WriteProcessMemory request was completed. (0x12B)
[1009/190931.157:ERROR:process_memory_win.cc(73)] ReadMemory at 0x177d3f2cd98 of 512 bytes failed: Only part of a ReadProcessMemory or WriteProcessMemory request was completed. (0x12B)
[1009/190931.157:ERROR:process_memory_win.cc(73)] ReadMemory at 0x177d4150480 of 48 bytes failed: Only part of a ReadProcessMemory or WriteProcessMemory request was completed. (0x12B)
[1009/190931.157:ERROR:process_memory_win.cc(73)] ReadMemory at 0x177d5c91130 of 512 bytes failed: Only part of a ReadProcessMemory or WriteProcessMemory request was completed. (0x12B)
[1009/190931.157:ERROR:process_memory_win.cc(73)] ReadMemory at 0x177da1502c0 of 40 bytes failed: Only part of a ReadProcessMemory or WriteProcessMemory request was completed. (0x12B)
[1009/190931.157:ERROR:process_memory_win.cc(73)] ReadMemory at 0x29abe409de0 of 512 bytes failed: Only part of a ReadProcessMemory or WriteProcessMemory request was completed. (0x12B)
[1009/190931.157:ERROR:process_memory_win.cc(73)] ReadMemory at 0x29abe475850 of 512 bytes failed: Only part of a ReadProcessMemory or WriteProcessMemory request was completed. (0x12B)
[1009/190931.157:ERROR:process_memory_win.cc(73)] ReadMemory at 0x10b101d23ba0 of 512 bytes failed: Only part of a ReadProcessMemory or WriteProcessMemory request was completed. (0x12B)
[1009/190931.157:ERROR:process_memory_win.cc(73)] ReadMemory at 0x11aad356ae70 of 512 bytes failed: Only part of a ReadProcessMemory or WriteProcessMemory request was completed. (0x12B)
[1009/190931.157:ERROR:process_memory_win.cc(73)] ReadMemory at 0x20170a580f80 of 512 bytes failed: Only part of a ReadProcessMemory or WriteProcessMemory request was completed. (0x12B)
[1009/190931.157:ERROR:process_memory_win.cc(73)] ReadMemory at 0x20170a5bff80 of 512 bytes failed: Only part of a ReadProcessMemory or WriteProcessMemory request was completed. (0x12B)
[1009/190931.157:ERROR:process_memory_win.cc(73)] ReadMemory at 0x20172513a99d of 512 bytes failed: Only part of a ReadProcessMemory or WriteProcessMemory request was completed. (0x12B)
[1009/190931.157:ERROR:process_memory_win.cc(73)] ReadMemory at 0x201725216f78 of 513 bytes failed: Only part of a ReadProcessMemory or WriteProcessMemory request was completed. (0x12B)
[1009/190931.157:ERROR:process_memory_win.cc(73)] ReadMemory at 0x201727e78155 of 512 bytes failed: Only part of a ReadProcessMemory or WriteProcessMemory request was completed. (0x12B)
[1009/190931.157:ERROR:process_memory_win.cc(73)] ReadMemory at 0x201727ed6f78 of 513 bytes failed: Only part of a ReadProcessMemory or WriteProcessMemory request was completed. (0x12B)
[1009/190931.157:ERROR:process_memory_win.cc(73)] ReadMemory at 0x5acc1863c818 of 40 bytes failed: Only part of a ReadProcessMemory or WriteProcessMemory request was completed. (0x12B)
[1009/190931.157:ERROR:process_memory_win.cc(73)] ReadMemory at 0x5acc1863cd18 of 40 bytes failed: Only part of a ReadProcessMemory or WriteProcessMemory request was completed. (0x12B)
[1009/190931.157:ERROR:process_memory_win.cc(73)] ReadMemory at 0x5acc18654098 of 40 bytes failed: Only part of a ReadProcessMemory or WriteProcessMemory request was completed. (0x12B)
[1009/190931.157:ERROR:process_memory_win.cc(73)] ReadMemory at 0x5acc187507a0 of 512 bytes failed: Only part of a ReadProcessMemory or WriteProcessMemory request was completed. (0x12B)
[1009/190931.157:ERROR:process_memory_win.cc(73)] ReadMemory at 0x5acc4b07e2a0 of 512 bytes failed: Only part of a ReadProcessMemory or WriteProcessMemory request was completed. (0x12B)
[1009/190931.157:ERROR:process_memory_win.cc(73)] ReadMemory at 0x7ffd27630820 of 512 bytes failed: Only part of a ReadProcessMemory or WriteProcessMemory request was completed. (0x12B)
[1009/190931.157:ERROR:process_memory_win.cc(73)] ReadMemory at 0x7ffd276e4be0 of 512 bytes failed: Only part of a ReadProcessMemory or WriteProcessMemory request was completed. (0x12B)
[1009/190931.157:ERROR:process_memory_win.cc(73)] ReadMemory at 0x7ffd28ae3d7e of 512 bytes failed: Only part of a ReadProcessMemory or WriteProcessMemory request was completed. (0x12B)
[1009/190931.157:ERROR:process_memory_win.cc(73)] ReadMemory at 0x7ffd2ac6965d of 512 bytes failed: Only part of a ReadProcessMemory or WriteProcessMemory request was completed. (0x12B)
[1009/190931.157:ERROR:process_memory_win.cc(73)] ReadMemory at 0x7ffd2ee55568 of 512 bytes failed: Only part of a ReadProcessMemory or WriteProcessMemory request was completed. (0x12B)
[1009/190931.157:ERROR:process_memory_win.cc(73)] ReadMemory at 0x7ffd2fcadf80 of 512 bytes failed: Only part of a ReadProcessMemory or WriteProcessMemory request was completed. (0x12B)
[1009/190931.157:ERROR:process_memory_win.cc(73)] ReadMemory at 0x7ffd2fcd9aec of 512 bytes failed: Only part of a ReadProcessMemory or WriteProcessMemory request was completed. (0x12B)
[1009/190931.157:ERROR:process_memory_win.cc(73)] ReadMemory at 0x7ffd30186580 of 512 bytes failed: Only part of a ReadProcessMemory or WriteProcessMemory request was completed. (0x12B)
[1009/190931.157:ERROR:process_memory_win.cc(73)] ReadMemory at 0x7ffd465e9cdd of 512 bytes failed: Only part of a ReadProcessMemory or WriteProcessMemory request was completed. (0x12B)
[1009/190931.157:ERROR:process_memory_win.cc(73)] ReadMemory at 0x7ffd46606de4 of 512 bytes failed: Only part of a ReadProcessMemory or WriteProcessMemory request was completed. (0x12B)
[1009/190931.157:ERROR:process_memory_win.cc(73)] ReadMemory at 0x7ffd46679e30 of 544 bytes failed: Only part of a ReadProcessMemory or WriteProcessMemory request was completed. (0x12B)
[1009/190931.157:ERROR:process_memory_win.cc(73)] ReadMemory at 0x7ffd4667f3c8 of 40 bytes failed: Only part of a ReadProcessMemory or WriteProcessMemory request was completed. (0x12B)
[1009/190931.157:ERROR:process_memory_win.cc(73)] ReadMemory at 0x7ffd6fc30f20 of 40 bytes failed: Only part of a ReadProcessMemory or WriteProcessMemory request was completed. (0x12B)
[1009/190931.157:ERROR:process_memory_win.cc(73)] ReadMemory at 0x7ffd70b5bcd0 of 40 bytes failed: Only part of a ReadProcessMemory or WriteProcessMemory request was completed. (0x12B)
[1009/190931.157:ERROR:process_memory_win.cc(73)] ReadMemory at 0x7ffd72b51f80 of 512 bytes failed: Only part of a ReadProcessMemory or WriteProcessMemory request was completed. (0x12B)
[1009/190931.157:ERROR:process_memory_win.cc(73)] ReadMemory at 0x7ffd72ddf5b0 of 176 bytes failed: Only part of a ReadProcessMemory or WriteProcessMemory request was completed. (0x12B)
[1009/190931.157:ERROR:process_memory_win.cc(73)] ReadMemory at 0x7ffd72e802e4 of 512 bytes failed: Only part of a ReadProcessMemory or WriteProcessMemory request was completed. (0x12B)
[1009/190931.157:ERROR:process_memory_win.cc(73)] ReadMemory at 0x7ffd72e993a0 of 512 bytes failed: Only part of a ReadProcessMemory or WriteProcessMemory request was completed. (0x12B)
[1009/190931.157:ERROR:process_memory_win.cc(73)] ReadMemory at 0x7ffd72efc074 of 672 bytes failed: Only part of a ReadProcessMemory or WriteProcessMemory request was completed. (0x12B)
[1009/190931.157:ERROR:process_memory_win.cc(73)] ReadMemory at 0x7ffd72eff924 of 608 bytes failed: Only part of a ReadProcessMemory or WriteProcessMemory request was completed. (0x12B)
[1009/190931.157:ERROR:process_memory_win.cc(73)] ReadMemory at 0x7ffd72f581e0 of 512 bytes failed: Only part of a ReadProcessMemory or WriteProcessMemory request was completed. (0x12B)
[1009/190931.157:ERROR:process_memory_win.cc(73)] ReadMemory at 0x7ffd72f8c428 of 18 bytes failed: Only part of a ReadProcessMemory or WriteProcessMemory request was completed. (0x12B)
[1009/190931.157:ERROR:process_memory_win.cc(73)] ReadMemory at 0x7ffd72fbf4f8 of 40 bytes failed: Only part of a ReadProcessMemory or WriteProcessMemory request was completed. (0x12B)
[1009/190931.157:ERROR:process_memory_win.cc(73)] ReadMemory at 0x7ffd72fbf560 of 48 bytes failed: Only part of a ReadProcessMemory or WriteProcessMemory request was completed. (0x12B)
[1009/190931.157:ERROR:process_memory_win.cc(73)] ReadMemory at 0x7ffd72fbf978 of 48 bytes failed: Only part of a ReadProcessMemory or WriteProcessMemory request was completed. (0x12B)
[1009/190931.157:ERROR:process_memory_win.cc(73)] ReadMemory at 0x7ffd72fc3be0 of 40 bytes failed: Only part of a ReadProcessMemory or WriteProcessMemory request was completed. (0x12B)
[1009/190931.157:ERROR:process_memory_win.cc(73)] ReadMemory at 0x7ffd72fc3d40 of 336 bytes failed: Only part of a ReadProcessMemory or WriteProcessMemory request was completed. (0x12B)
[1009/190931.157:ERROR:process_memory_win.cc(73)] ReadMemory at 0x7ffd72fc53c0 of 64 bytes failed: Only part of a ReadProcessMemory or WriteProcessMemory request was completed. (0x12B)
[1009/190931.314:ERROR:scoped_process_suspend.cc(40)] NtResumeProcess: An attempt was made to access an exiting process. (0xc000010a)
[1011/121139.664:ERROR:settings.cc(401)] Settings magic is not 1129342067
[1013/150925.961:ERROR:directory_reader_win.cc(43)] FindFirstFile: The system cannot find the path specified. (0x3)
[1014/223147.814:ERROR:directory_reader_win.cc(43)] FindFirstFile: The system cannot find the path specified. (0x3)
[1014/223147.918:ERROR:filesystem_win.cc(129)] GetFileAttributes C:\Users\DELL\AppData\Local\Google\Chrome\User Data\Crashpad\attachments\831c09b5-e089-4ce6-96d1-35465b17ef17: The system cannot find the path specified. (0x3)
[1014/223147.933:ERROR:filesystem_win.cc(129)] GetFileAttributes C:\Users\DELL\AppData\Local\Google\Chrome\User Data\Crashpad\attachments\f3754bc8-79a7-4650-aebf-162c6ed76ef5: The system cannot find the path specified. (0x3)
[1014/223147.951:ERROR:filesystem_win.cc(129)] GetFileAttributes C:\Users\DELL\AppData\Local\Google\Chrome\User Data\Crashpad\attachments\50fe681a-dc60-4e4f-b1dc-8ae6caf92002: The system cannot find the path specified. (0x3)
[1015/104417.573:ERROR:directory_reader_win.cc(43)] FindFirstFile: The system cannot find the path specified. (0x3)
[1015/104417.614:ERROR:filesystem_win.cc(129)] GetFileAttributes C:\Users\DELL\AppData\Local\Google\Chrome\User Data\Crashpad\attachments\142fc6fc-0adc-40a0-b731-92d772c7fe64: The system cannot find the path specified. (0x3)
